<?xml version='1.0' encoding='UTF-8'?>
<testsuite hostname="Air-Donald-Lamaj-M1.local" name="ergast.F1Spec" tests="4" errors="0" failures="0" skipped="0" time="4.674" timestamp="2021-05-24T18:58:11">
          <properties>
      <property name="java.specification.version" value="16"/><property name="sun.jnu.encoding" value="UTF-8"/><property name="sun.arch.data.model" value="64"/><property name="java.vendor.url" value="https://java.oracle.com/"/><property name="sun.boot.library.path" value="/Users/donald.lamaj/Library/Java/JavaVirtualMachines/openjdk-16.0.1/Contents/Home/lib"/><property name="sun.java.command" value="/Users/donald.lamaj/.sdkman/candidates/sbt/1.5.2/bin/sbt-launch.jar clean test"/><property name="jdk.debug" value="release"/><property name="java.specification.vendor" value="Oracle Corporation"/><property name="java.version.date" value="2021-04-20"/><property name="java.home" value="/Users/donald.lamaj/Library/Java/JavaVirtualMachines/openjdk-16.0.1/Contents/Home"/><property name="file.separator" value="/"/><property name="java.vm.compressedOopsMode" value="Zero based"/><property name="line.separator" value="
"/><property name="java.specification.name" value="Java Platform API Specification"/><property name="java.vm.specification.vendor" value="Oracle Corporation"/><property name="sun.management.compiler" value="HotSpot 64-Bit Tiered Compilers"/><property name="java.runtime.version" value="16.0.1+9-24"/><property name="user.name" value="donald.lamaj"/><property name="log4j.ignoreTCL" value="true"/><property name="file.encoding" value="UTF-8"/><property name="jnidispatch.path" value="/Users/donald.lamaj/Library/Caches/JNA/temp/jna10837079110034105018.tmp"/><property name="jna.loaded" value="true"/><property name="java.io.tmpdir" value="/var/folders/9x/tm1dfn09407921smyl9yq2xr0000gp/T/"/><property name="java.version" value="16.0.1"/><property name="java.vm.specification.name" value="Java Virtual Machine Specification"/><property name="java.library.path" value="/Users/donald.lamaj/Library/Java/Extensions:/Library/Java/Extensions:/Network/Library/Java/Extensions:/System/Library/Java/Extensions:/usr/lib/java:."/><property name="java.vendor" value="Oracle Corporation"/><property name="scala.ext.dirs" value="/Users/donald.lamaj/.sbt/1.0/java9-rt-ext-oracle_corporation_16_0_1"/><property name="sun.io.unicode.encoding" value="UnicodeBig"/><property name="java.class.path" value="/Users/donald.lamaj/.sdkman/candidates/sbt/1.5.2/bin/sbt-launch.jar"/><property name="java.vm.vendor" value="Oracle Corporation"/><property name="jline.shutdownhook" value="false"/><property name="user.timezone" value="Europe/London"/><property name="java.vm.specification.version" value="16"/><property name="os.name" value="Mac OS X"/><property name="sun.java.launcher" value="SUN_STANDARD"/><property name="user.country" value="GB"/><property name="sun.cpu.endian" value="little"/><property name="user.home" value="/Users/donald.lamaj"/><property name="user.language" value="en"/><property name="swoval.tmpdir" value="/Users/donald.lamaj/.sbt/1.0"/><property name="jline.esc.timeout" value="0"/><property name="path.separator" value=":"/><property name="os.version" value="11.2"/><property name="jna.nosys" value="true"/><property name="java.runtime.name" value="OpenJDK Runtime Environment"/><property name="java.vm.name" value="OpenJDK 64-Bit Server VM"/><property name="jna.platform.library.path" value="/usr/lib:/usr/lib"/><property name="java.vendor.url.bug" value="https://bugreport.java.com/bugreport/"/><property name="user.dir" value="/Users/donald.lamaj/my_workspaces/allure/tutorials/api-test-f1"/><property name="os.arch" value="x86_64"/><property name="java.vm.info" value="mixed mode, sharing"/><property name="java.vm.version" value="16.0.1+9-24"/><property name="java.class.version" value="60.0"/>
    </properties>
          <testcase classname="ergast.F1Spec" name="ergast.com public APIs GET /f1 should return list of 20 circuits for 2017 F1 season in JSON format" time="3.209">
                      
                    </testcase><testcase classname="ergast.F1Spec" name="ergast.com public APIs GET /f1 should allow everything in CORS and have header with given length" time="0.198">
                      
                    </testcase><testcase classname="ergast.F1Spec" name="ergast.com public APIs GET /f1 should retrieve first circuit ID for 2017 and assert Location" time="0.568">
                      
                    </testcase><testcase classname="ergast.F1Spec" name="ergast.com public APIs GET /f1 should return list of standings of alonso for renault" time="0.699">
                      
                    </testcase>
          <system-out><![CDATA[]]></system-out>
          <system-err><![CDATA[]]></system-err>
        </testsuite>